{
  "0 debug pnpm:scope": {
    "selected": 1,
    "workspacePrefix": null
  },
  "1 warn pnpm": {
    "message": "Unsupported engine: wanted: {\"node\":\"12\"} (current: {\"node\":\"v13.0.1\",\"pnpm\":\"4.1.7\"})",
    "prefix": "/home/aluno/jherod/2019-react-axios"
  },
  "2 error pnpm": {
    "message": {
      "code": "ELIFECYCLE",
      "errno": "ENOENT",
      "syscall": "spawn",
      "file": "sh",
      "pkgid": "tarefas-api@0.0.1",
      "stage": "dev-start",
      "script": "nodemon bootstrap",
      "pkgname": "tarefas-api"
    },
    "err": {
      "name": "Error",
      "message": "tarefas-api@0.0.1 dev-start: `nodemon bootstrap`\nspawn ENOENT",
      "code": "ELIFECYCLE",
      "stack": "Error: tarefas-api@0.0.1 dev-start: `nodemon bootstrap`\nspawn ENOENT\n    at ChildProcess.<anonymous> (/home/aluno/.nvm/versions/node/v13.0.1/lib/node_modules/pnpm/lib/node_modules/@zkochan/npm-lifecycle/lib/spawn.js:48:18)\n    at ChildProcess.emit (events.js:210:5)\n    at maybeClose (internal/child_process.js:1028:16)\n    at Process.ChildProcess._handle.onexit (internal/child_process.js:283:5)"
    }
  }
}